::1 - - [03/Jun/2022:09:36:46 +0000] "POST /addpost HTTP/1.1" 201 213 "-" "PostmanRuntime/7.29.0"
::1 - - [07/Jun/2022:06:12:44 +0000] "GET / HTTP/1.1" 200 20 "-" "Mozilla/5.0 (X11; Linux x86_64) AppleWebKit/537.36 (KHTML, like Gecko) Chrome/100.0.4896.88 Safari/537.36"
::1 - - [07/Jun/2022:06:12:44 +0000] "GET /favicon.ico HTTP/1.1" 404 150 "http://localhost:8080/" "Mozilla/5.0 (X11; Linux x86_64) AppleWebKit/537.36 (KHTML, like Gecko) Chrome/100.0.4896.88 Safari/537.36"
::1 - - [07/Jun/2022:06:17:08 +0000] "GET / HTTP/1.1" 304 - "-" "Mozilla/5.0 (X11; Linux x86_64) AppleWebKit/537.36 (KHTML, like Gecko) Chrome/100.0.4896.88 Safari/537.36"
::1 - - [07/Jun/2022:06:24:55 +0000] "GET / HTTP/1.1" 200 286 "-" "Mozilla/5.0 (X11; Linux x86_64) AppleWebKit/537.36 (KHTML, like Gecko) Chrome/100.0.4896.88 Safari/537.36"
::1 - - [07/Jun/2022:07:02:50 +0000] "GET /login HTTP/1.1" 200 1125 "-" "Mozilla/5.0 (X11; Linux x86_64) AppleWebKit/537.36 (KHTML, like Gecko) Chrome/100.0.4896.88 Safari/537.36"
::1 - - [07/Jun/2022:07:06:27 +0000] "GET /login HTTP/1.1" 200 1129 "-" "Mozilla/5.0 (X11; Linux x86_64) AppleWebKit/537.36 (KHTML, like Gecko) Chrome/100.0.4896.88 Safari/537.36"
::1 - - [07/Jun/2022:07:06:56 +0000] "POST /login HTTP/1.1" 400 21 "http://localhost:8080/login" "Mozilla/5.0 (X11; Linux x86_64) AppleWebKit/537.36 (KHTML, like Gecko) Chrome/100.0.4896.88 Safari/537.36"
::1 - - [07/Jun/2022:07:08:06 +0000] "POST /login HTTP/1.1" 400 21 "http://localhost:8080/login" "Mozilla/5.0 (X11; Linux x86_64) AppleWebKit/537.36 (KHTML, like Gecko) Chrome/100.0.4896.88 Safari/537.36"
::1 - - [07/Jun/2022:07:08:09 +0000] "POST /login HTTP/1.1" 400 21 "http://localhost:8080/login" "Mozilla/5.0 (X11; Linux x86_64) AppleWebKit/537.36 (KHTML, like Gecko) Chrome/100.0.4896.88 Safari/537.36"
::1 - - [07/Jun/2022:07:08:12 +0000] "POST /login HTTP/1.1" 400 21 "http://localhost:8080/login" "Mozilla/5.0 (X11; Linux x86_64) AppleWebKit/537.36 (KHTML, like Gecko) Chrome/100.0.4896.88 Safari/537.36"
::1 - - [07/Jun/2022:07:08:26 +0000] "POST /login HTTP/1.1" 400 21 "http://localhost:8080/login" "Mozilla/5.0 (X11; Linux x86_64) AppleWebKit/537.36 (KHTML, like Gecko) Chrome/100.0.4896.88 Safari/537.36"
::1 - - [07/Jun/2022:07:10:18 +0000] "POST /login HTTP/1.1" 400 19 "-" "PostmanRuntime/7.29.0"
::1 - - [07/Jun/2022:07:10:43 +0000] "POST /login HTTP/1.1" 400 19 "-" "PostmanRuntime/7.29.0"
::1 - - [07/Jun/2022:07:11:55 +0000] "POST /login HTTP/1.1" 200 451 "-" "PostmanRuntime/7.29.0"
::1 - - [07/Jun/2022:07:12:58 +0000] "POST /login HTTP/1.1" 400 21 "http://localhost:8080/login" "Mozilla/5.0 (X11; Linux x86_64) AppleWebKit/537.36 (KHTML, like Gecko) Chrome/100.0.4896.88 Safari/537.36"
::1 - - [07/Jun/2022:07:13:34 +0000] "POST /login HTTP/1.1" 400 21 "http://localhost:8080/login" "Mozilla/5.0 (X11; Linux x86_64) AppleWebKit/537.36 (KHTML, like Gecko) Chrome/100.0.4896.88 Safari/537.36"
::1 - - [07/Jun/2022:07:13:39 +0000] "POST /login HTTP/1.1" 400 21 "http://localhost:8080/login" "Mozilla/5.0 (X11; Linux x86_64) AppleWebKit/537.36 (KHTML, like Gecko) Chrome/100.0.4896.88 Safari/537.36"
::1 - - [07/Jun/2022:07:14:59 +0000] "POST /login HTTP/1.1" 400 21 "http://localhost:8080/login" "Mozilla/5.0 (iPhone; CPU iPhone OS 13_2_3 like Mac OS X) AppleWebKit/605.1.15 (KHTML, like Gecko) Version/13.0.3 Mobile/15E148 Safari/604.1"
::1 - - [07/Jun/2022:07:21:23 +0000] "POST /login HTTP/1.1" 200 451 "-" "PostmanRuntime/7.29.0"
::1 - - [07/Jun/2022:07:27:50 +0000] "POST /login HTTP/1.1" 400 21 "http://localhost:8080/login" "Mozilla/5.0 (iPhone; CPU iPhone OS 13_2_3 like Mac OS X) AppleWebKit/605.1.15 (KHTML, like Gecko) Version/13.0.3 Mobile/15E148 Safari/604.1"
::1 - - [07/Jun/2022:07:27:57 +0000] "GET /login HTTP/1.1" 404 144 "-" "Mozilla/5.0 (iPhone; CPU iPhone OS 13_2_3 like Mac OS X) AppleWebKit/605.1.15 (KHTML, like Gecko) Version/13.0.3 Mobile/15E148 Safari/604.1"
::1 - - [07/Jun/2022:07:29:52 +0000] "GET /login HTTP/1.1" 404 144 "-" "Mozilla/5.0 (iPhone; CPU iPhone OS 13_2_3 like Mac OS X) AppleWebKit/605.1.15 (KHTML, like Gecko) Version/13.0.3 Mobile/15E148 Safari/604.1"
::1 - - [07/Jun/2022:07:29:55 +0000] "GET /login HTTP/1.1" 404 144 "-" "Mozilla/5.0 (iPhone; CPU iPhone OS 13_2_3 like Mac OS X) AppleWebKit/605.1.15 (KHTML, like Gecko) Version/13.0.3 Mobile/15E148 Safari/604.1"
::1 - - [07/Jun/2022:07:31:12 +0000] "GET /login HTTP/1.1" 500 1460 "-" "Mozilla/5.0 (iPhone; CPU iPhone OS 13_2_3 like Mac OS X) AppleWebKit/605.1.15 (KHTML, like Gecko) Version/13.0.3 Mobile/15E148 Safari/604.1"
::1 - - [07/Jun/2022:07:31:47 +0000] "GET /login HTTP/1.1" 500 1460 "-" "Mozilla/5.0 (iPhone; CPU iPhone OS 13_2_3 like Mac OS X) AppleWebKit/605.1.15 (KHTML, like Gecko) Version/13.0.3 Mobile/15E148 Safari/604.1"
::1 - - [07/Jun/2022:07:31:49 +0000] "GET /login HTTP/1.1" 500 1460 "-" "Mozilla/5.0 (iPhone; CPU iPhone OS 13_2_3 like Mac OS X) AppleWebKit/605.1.15 (KHTML, like Gecko) Version/13.0.3 Mobile/15E148 Safari/604.1"
::1 - - [07/Jun/2022:07:31:50 +0000] "GET /login HTTP/1.1" 500 1460 "-" "Mozilla/5.0 (iPhone; CPU iPhone OS 13_2_3 like Mac OS X) AppleWebKit/605.1.15 (KHTML, like Gecko) Version/13.0.3 Mobile/15E148 Safari/604.1"
::1 - - [07/Jun/2022:07:31:50 +0000] "GET /login HTTP/1.1" 500 1460 "-" "Mozilla/5.0 (iPhone; CPU iPhone OS 13_2_3 like Mac OS X) AppleWebKit/605.1.15 (KHTML, like Gecko) Version/13.0.3 Mobile/15E148 Safari/604.1"
::1 - - [07/Jun/2022:07:31:50 +0000] "GET /login HTTP/1.1" 500 1460 "-" "Mozilla/5.0 (iPhone; CPU iPhone OS 13_2_3 like Mac OS X) AppleWebKit/605.1.15 (KHTML, like Gecko) Version/13.0.3 Mobile/15E148 Safari/604.1"
::1 - - [07/Jun/2022:07:31:51 +0000] "GET /login HTTP/1.1" 500 1460 "-" "Mozilla/5.0 (iPhone; CPU iPhone OS 13_2_3 like Mac OS X) AppleWebKit/605.1.15 (KHTML, like Gecko) Version/13.0.3 Mobile/15E148 Safari/604.1"
::1 - - [07/Jun/2022:07:31:51 +0000] "GET /login HTTP/1.1" 500 1460 "-" "Mozilla/5.0 (iPhone; CPU iPhone OS 13_2_3 like Mac OS X) AppleWebKit/605.1.15 (KHTML, like Gecko) Version/13.0.3 Mobile/15E148 Safari/604.1"
::1 - - [07/Jun/2022:07:32:50 +0000] "GET /login HTTP/1.1" 500 1460 "-" "Mozilla/5.0 (X11; Linux x86_64) AppleWebKit/537.36 (KHTML, like Gecko) Chrome/100.0.4896.88 Safari/537.36"
::1 - - [07/Jun/2022:07:33:27 +0000] "GET /login HTTP/1.1" 500 1460 "-" "Mozilla/5.0 (X11; Linux x86_64) AppleWebKit/537.36 (KHTML, like Gecko) Chrome/100.0.4896.88 Safari/537.36"
::1 - - [07/Jun/2022:07:33:30 +0000] "GET /login HTTP/1.1" 500 1460 "-" "Mozilla/5.0 (X11; Linux x86_64) AppleWebKit/537.36 (KHTML, like Gecko) Chrome/100.0.4896.88 Safari/537.36"
::1 - - [07/Jun/2022:07:33:30 +0000] "GET /login HTTP/1.1" 500 1460 "-" "Mozilla/5.0 (X11; Linux x86_64) AppleWebKit/537.36 (KHTML, like Gecko) Chrome/100.0.4896.88 Safari/537.36"
::1 - - [07/Jun/2022:07:33:30 +0000] "GET /login HTTP/1.1" 500 1460 "-" "Mozilla/5.0 (X11; Linux x86_64) AppleWebKit/537.36 (KHTML, like Gecko) Chrome/100.0.4896.88 Safari/537.36"
::1 - - [07/Jun/2022:07:33:30 +0000] "GET /login HTTP/1.1" 500 1460 "-" "Mozilla/5.0 (X11; Linux x86_64) AppleWebKit/537.36 (KHTML, like Gecko) Chrome/100.0.4896.88 Safari/537.36"
::1 - - [07/Jun/2022:07:33:31 +0000] "GET /login HTTP/1.1" 500 1460 "-" "Mozilla/5.0 (X11; Linux x86_64) AppleWebKit/537.36 (KHTML, like Gecko) Chrome/100.0.4896.88 Safari/537.36"
::1 - - [07/Jun/2022:07:33:31 +0000] "GET /login HTTP/1.1" 500 1460 "-" "Mozilla/5.0 (X11; Linux x86_64) AppleWebKit/537.36 (KHTML, like Gecko) Chrome/100.0.4896.88 Safari/537.36"
::1 - - [07/Jun/2022:07:33:31 +0000] "GET /login HTTP/1.1" 500 1460 "-" "Mozilla/5.0 (X11; Linux x86_64) AppleWebKit/537.36 (KHTML, like Gecko) Chrome/100.0.4896.88 Safari/537.36"
::1 - - [07/Jun/2022:07:33:31 +0000] "GET /login HTTP/1.1" 500 1460 "-" "Mozilla/5.0 (X11; Linux x86_64) AppleWebKit/537.36 (KHTML, like Gecko) Chrome/100.0.4896.88 Safari/537.36"
::1 - - [07/Jun/2022:07:33:31 +0000] "GET /login HTTP/1.1" 500 1460 "-" "Mozilla/5.0 (X11; Linux x86_64) AppleWebKit/537.36 (KHTML, like Gecko) Chrome/100.0.4896.88 Safari/537.36"
::1 - - [07/Jun/2022:07:33:32 +0000] "GET /login HTTP/1.1" 500 1460 "-" "Mozilla/5.0 (X11; Linux x86_64) AppleWebKit/537.36 (KHTML, like Gecko) Chrome/100.0.4896.88 Safari/537.36"
::1 - - [07/Jun/2022:07:33:32 +0000] "GET /login HTTP/1.1" 500 1460 "-" "Mozilla/5.0 (X11; Linux x86_64) AppleWebKit/537.36 (KHTML, like Gecko) Chrome/100.0.4896.88 Safari/537.36"
::1 - - [07/Jun/2022:07:33:32 +0000] "GET /login HTTP/1.1" 500 1460 "-" "Mozilla/5.0 (X11; Linux x86_64) AppleWebKit/537.36 (KHTML, like Gecko) Chrome/100.0.4896.88 Safari/537.36"
::1 - - [07/Jun/2022:07:33:33 +0000] "GET /login HTTP/1.1" 500 1460 "-" "Mozilla/5.0 (X11; Linux x86_64) AppleWebKit/537.36 (KHTML, like Gecko) Chrome/100.0.4896.88 Safari/537.36"
::1 - - [07/Jun/2022:07:33:33 +0000] "GET /login HTTP/1.1" 500 1460 "-" "Mozilla/5.0 (X11; Linux x86_64) AppleWebKit/537.36 (KHTML, like Gecko) Chrome/100.0.4896.88 Safari/537.36"
::1 - - [07/Jun/2022:07:33:33 +0000] "GET /login HTTP/1.1" 500 1460 "-" "Mozilla/5.0 (X11; Linux x86_64) AppleWebKit/537.36 (KHTML, like Gecko) Chrome/100.0.4896.88 Safari/537.36"
::1 - - [07/Jun/2022:07:33:59 +0000] "GET /login HTTP/1.1" 200 1134 "-" "Mozilla/5.0 (X11; Linux x86_64) AppleWebKit/537.36 (KHTML, like Gecko) Chrome/100.0.4896.88 Safari/537.36"
::1 - - [07/Jun/2022:07:34:38 +0000] "GET /login HTTP/1.1" 404 144 "-" "Mozilla/5.0 (X11; Linux x86_64) AppleWebKit/537.36 (KHTML, like Gecko) Chrome/100.0.4896.88 Safari/537.36"
::1 - - [07/Jun/2022:07:34:57 +0000] "GET / HTTP/1.1" 304 - "-" "Mozilla/5.0 (X11; Linux x86_64) AppleWebKit/537.36 (KHTML, like Gecko) Chrome/100.0.4896.88 Safari/537.36"
::1 - - [07/Jun/2022:07:35:03 +0000] "GET /login HTTP/1.1" 404 144 "-" "Mozilla/5.0 (X11; Linux x86_64) AppleWebKit/537.36 (KHTML, like Gecko) Chrome/100.0.4896.88 Safari/537.36"
::1 - - [07/Jun/2022:07:35:30 +0000] "GET /login HTTP/1.1" 200 1134 "-" "Mozilla/5.0 (X11; Linux x86_64) AppleWebKit/537.36 (KHTML, like Gecko) Chrome/100.0.4896.88 Safari/537.36"
::1 - - [07/Jun/2022:07:35:38 +0000] "POST /login HTTP/1.1" 200 1134 "http://localhost:8080/login" "Mozilla/5.0 (X11; Linux x86_64) AppleWebKit/537.36 (KHTML, like Gecko) Chrome/100.0.4896.88 Safari/537.36"
::1 - - [07/Jun/2022:07:35:41 +0000] "POST /login HTTP/1.1" 400 1134 "http://localhost:8080/login" "Mozilla/5.0 (X11; Linux x86_64) AppleWebKit/537.36 (KHTML, like Gecko) Chrome/100.0.4896.88 Safari/537.36"
::1 - - [07/Jun/2022:07:35:47 +0000] "POST /login HTTP/1.1" 200 1134 "http://localhost:8080/login" "Mozilla/5.0 (X11; Linux x86_64) AppleWebKit/537.36 (KHTML, like Gecko) Chrome/100.0.4896.88 Safari/537.36"
::1 - - [07/Jun/2022:07:35:56 +0000] "POST /login HTTP/1.1" 400 1134 "http://localhost:8080/login" "Mozilla/5.0 (X11; Linux x86_64) AppleWebKit/537.36 (KHTML, like Gecko) Chrome/100.0.4896.88 Safari/537.36"
::1 - - [07/Jun/2022:07:35:57 +0000] "POST /login HTTP/1.1" 400 1134 "http://localhost:8080/login" "Mozilla/5.0 (X11; Linux x86_64) AppleWebKit/537.36 (KHTML, like Gecko) Chrome/100.0.4896.88 Safari/537.36"
::1 - - [07/Jun/2022:07:35:57 +0000] "POST /login HTTP/1.1" 400 1134 "http://localhost:8080/login" "Mozilla/5.0 (X11; Linux x86_64) AppleWebKit/537.36 (KHTML, like Gecko) Chrome/100.0.4896.88 Safari/537.36"
::1 - - [07/Jun/2022:07:35:57 +0000] "POST /login HTTP/1.1" 400 1134 "http://localhost:8080/login" "Mozilla/5.0 (X11; Linux x86_64) AppleWebKit/537.36 (KHTML, like Gecko) Chrome/100.0.4896.88 Safari/537.36"
::1 - - [07/Jun/2022:07:35:57 +0000] "POST /login HTTP/1.1" 400 1134 "http://localhost:8080/login" "Mozilla/5.0 (X11; Linux x86_64) AppleWebKit/537.36 (KHTML, like Gecko) Chrome/100.0.4896.88 Safari/537.36"
::1 - - [07/Jun/2022:07:35:58 +0000] "POST /login HTTP/1.1" 400 1134 "http://localhost:8080/login" "Mozilla/5.0 (X11; Linux x86_64) AppleWebKit/537.36 (KHTML, like Gecko) Chrome/100.0.4896.88 Safari/537.36"
::1 - - [07/Jun/2022:07:35:58 +0000] "POST /login HTTP/1.1" 400 1134 "http://localhost:8080/login" "Mozilla/5.0 (X11; Linux x86_64) AppleWebKit/537.36 (KHTML, like Gecko) Chrome/100.0.4896.88 Safari/537.36"
::1 - - [07/Jun/2022:07:35:58 +0000] "POST /login HTTP/1.1" 400 1134 "http://localhost:8080/login" "Mozilla/5.0 (X11; Linux x86_64) AppleWebKit/537.36 (KHTML, like Gecko) Chrome/100.0.4896.88 Safari/537.36"
::1 - - [07/Jun/2022:07:36:04 +0000] "POST /login HTTP/1.1" 400 1134 "http://localhost:8080/login" "Mozilla/5.0 (X11; Linux x86_64) AppleWebKit/537.36 (KHTML, like Gecko) Chrome/100.0.4896.88 Safari/537.36"
::1 - - [07/Jun/2022:07:37:30 +0000] "POST /login HTTP/1.1" 400 19 "http://localhost:8080/login" "Mozilla/5.0 (X11; Linux x86_64) AppleWebKit/537.36 (KHTML, like Gecko) Chrome/100.0.4896.88 Safari/537.36"
::1 - - [07/Jun/2022:07:38:36 +0000] "POST /login HTTP/1.1" 400 19 "http://localhost:8080/login" "Mozilla/5.0 (X11; Linux x86_64) AppleWebKit/537.36 (KHTML, like Gecko) Chrome/100.0.4896.88 Safari/537.36"
::1 - - [07/Jun/2022:07:39:20 +0000] "POST /login HTTP/1.1" 200 451 "http://localhost:8080/login" "Mozilla/5.0 (X11; Linux x86_64) AppleWebKit/537.36 (KHTML, like Gecko) Chrome/100.0.4896.88 Safari/537.36"
::1 - - [07/Jun/2022:07:51:49 +0000] "POST /login HTTP/1.1" 400 293 "http://localhost:8080/login" "Mozilla/5.0 (X11; Linux x86_64) AppleWebKit/537.36 (KHTML, like Gecko) Chrome/100.0.4896.88 Safari/537.36"
::1 - - [07/Jun/2022:07:51:59 +0000] "POST /login HTTP/1.1" 400 21 "http://localhost:8080/login" "Mozilla/5.0 (X11; Linux x86_64) AppleWebKit/537.36 (KHTML, like Gecko) Chrome/100.0.4896.88 Safari/537.36"
::1 - - [07/Jun/2022:07:52:05 +0000] "GET / HTTP/1.1" 304 - "-" "Mozilla/5.0 (X11; Linux x86_64) AppleWebKit/537.36 (KHTML, like Gecko) Chrome/100.0.4896.88 Safari/537.36"
::1 - - [07/Jun/2022:08:03:43 +0000] "GET /login HTTP/1.1" 200 1134 "-" "Mozilla/5.0 (X11; Linux x86_64) AppleWebKit/537.36 (KHTML, like Gecko) Chrome/100.0.4896.88 Safari/537.36"
::1 - - [07/Jun/2022:08:03:56 +0000] "POST /login HTTP/1.1" 400 294 "http://localhost:8080/login" "Mozilla/5.0 (X11; Linux x86_64) AppleWebKit/537.36 (KHTML, like Gecko) Chrome/100.0.4896.88 Safari/537.36"
::1 - - [07/Jun/2022:08:09:40 +0000] "GET /login HTTP/1.1" 200 1134 "-" "Mozilla/5.0 (X11; Linux x86_64) AppleWebKit/537.36 (KHTML, like Gecko) Chrome/100.0.4896.88 Safari/537.36"
::1 - - [07/Jun/2022:08:09:49 +0000] "POST /login HTTP/1.1" 200 296 "http://localhost:8080/login" "Mozilla/5.0 (X11; Linux x86_64) AppleWebKit/537.36 (KHTML, like Gecko) Chrome/100.0.4896.88 Safari/537.36"
::1 - - [07/Jun/2022:08:10:39 +0000] "GET /login HTTP/1.1" 200 1134 "-" "Mozilla/5.0 (X11; Linux x86_64) AppleWebKit/537.36 (KHTML, like Gecko) Chrome/100.0.4896.88 Safari/537.36"
::1 - - [07/Jun/2022:08:10:47 +0000] "POST /login HTTP/1.1" 200 305 "http://localhost:8080/login" "Mozilla/5.0 (X11; Linux x86_64) AppleWebKit/537.36 (KHTML, like Gecko) Chrome/100.0.4896.88 Safari/537.36"
::1 - - [07/Jun/2022:08:11:59 +0000] "GET /login HTTP/1.1" 200 1134 "-" "Mozilla/5.0 (X11; Linux x86_64) AppleWebKit/537.36 (KHTML, like Gecko) Chrome/100.0.4896.88 Safari/537.36"
::1 - - [07/Jun/2022:08:12:01 +0000] "GET / HTTP/1.1" 304 - "-" "Mozilla/5.0 (X11; Linux x86_64) AppleWebKit/537.36 (KHTML, like Gecko) Chrome/100.0.4896.88 Safari/537.36"
::1 - - [07/Jun/2022:08:12:32 +0000] "GET / HTTP/1.1" 304 - "-" "Mozilla/5.0 (X11; Linux x86_64) AppleWebKit/537.36 (KHTML, like Gecko) Chrome/100.0.4896.88 Safari/537.36"
::1 - - [07/Jun/2022:08:12:41 +0000] "GET /login HTTP/1.1" 304 - "-" "Mozilla/5.0 (X11; Linux x86_64) AppleWebKit/537.36 (KHTML, like Gecko) Chrome/100.0.4896.88 Safari/537.36"
::1 - - [07/Jun/2022:08:12:53 +0000] "POST /login HTTP/1.1" 200 305 "http://localhost:8080/login" "Mozilla/5.0 (X11; Linux x86_64) AppleWebKit/537.36 (KHTML, like Gecko) Chrome/100.0.4896.88 Safari/537.36"
::1 - - [07/Jun/2022:08:17:03 +0000] "GET /login HTTP/1.1" 200 1134 "-" "Mozilla/5.0 (iPhone; CPU iPhone OS 13_2_3 like Mac OS X) AppleWebKit/605.1.15 (KHTML, like Gecko) Version/13.0.3 Mobile/15E148 Safari/604.1"
::1 - - [07/Jun/2022:08:17:12 +0000] "POST /login HTTP/1.1" 200 309 "http://localhost:8080/login" "Mozilla/5.0 (X11; Linux x86_64) AppleWebKit/537.36 (KHTML, like Gecko) Chrome/100.0.4896.88 Safari/537.36"
::1 - - [07/Jun/2022:08:18:54 +0000] "GET /login HTTP/1.1" 200 1134 "-" "Mozilla/5.0 (X11; Linux x86_64) AppleWebKit/537.36 (KHTML, like Gecko) Chrome/100.0.4896.88 Safari/537.36"
::1 - - [07/Jun/2022:08:19:01 +0000] "GET / HTTP/1.1" 304 - "-" "Mozilla/5.0 (X11; Linux x86_64) AppleWebKit/537.36 (KHTML, like Gecko) Chrome/100.0.4896.88 Safari/537.36"
::1 - - [07/Jun/2022:08:19:18 +0000] "GET / HTTP/1.1" 304 - "-" "Mozilla/5.0 (X11; Linux x86_64) AppleWebKit/537.36 (KHTML, like Gecko) Chrome/100.0.4896.88 Safari/537.36"
::1 - - [07/Jun/2022:08:19:26 +0000] "GET /login HTTP/1.1" 304 - "-" "Mozilla/5.0 (X11; Linux x86_64) AppleWebKit/537.36 (KHTML, like Gecko) Chrome/100.0.4896.88 Safari/537.36"
::1 - - [07/Jun/2022:08:19:39 +0000] "POST /login HTTP/1.1" 200 845 "http://localhost:8080/login" "Mozilla/5.0 (X11; Linux x86_64) AppleWebKit/537.36 (KHTML, like Gecko) Chrome/100.0.4896.88 Safari/537.36"
::1 - - [07/Jun/2022:08:20:49 +0000] "GET /login HTTP/1.1" 200 1134 "-" "Mozilla/5.0 (X11; Linux x86_64) AppleWebKit/537.36 (KHTML, like Gecko) Chrome/100.0.4896.88 Safari/537.36"
::1 - - [07/Jun/2022:08:20:52 +0000] "GET / HTTP/1.1" 304 - "-" "Mozilla/5.0 (X11; Linux x86_64) AppleWebKit/537.36 (KHTML, like Gecko) Chrome/100.0.4896.88 Safari/537.36"
::1 - - [07/Jun/2022:08:21:01 +0000] "GET /login HTTP/1.1" 304 - "-" "Mozilla/5.0 (X11; Linux x86_64) AppleWebKit/537.36 (KHTML, like Gecko) Chrome/100.0.4896.88 Safari/537.36"
::1 - - [07/Jun/2022:08:21:11 +0000] "POST /login HTTP/1.1" 200 845 "http://localhost:8080/login" "Mozilla/5.0 (X11; Linux x86_64) AppleWebKit/537.36 (KHTML, like Gecko) Chrome/100.0.4896.88 Safari/537.36"
::1 - - [07/Jun/2022:08:21:26 +0000] "GET /login HTTP/1.1" 200 1134 "-" "Mozilla/5.0 (X11; Linux x86_64) AppleWebKit/537.36 (KHTML, like Gecko) Chrome/100.0.4896.88 Safari/537.36"
::1 - - [07/Jun/2022:08:21:28 +0000] "GET / HTTP/1.1" 304 - "-" "Mozilla/5.0 (X11; Linux x86_64) AppleWebKit/537.36 (KHTML, like Gecko) Chrome/100.0.4896.88 Safari/537.36"
::1 - - [07/Jun/2022:08:21:32 +0000] "GET /login HTTP/1.1" 304 - "-" "Mozilla/5.0 (X11; Linux x86_64) AppleWebKit/537.36 (KHTML, like Gecko) Chrome/100.0.4896.88 Safari/537.36"
::1 - - [07/Jun/2022:08:21:40 +0000] "POST /login HTTP/1.1" 200 309 "http://localhost:8080/login" "Mozilla/5.0 (X11; Linux x86_64) AppleWebKit/537.36 (KHTML, like Gecko) Chrome/100.0.4896.88 Safari/537.36"
::1 - - [07/Jun/2022:08:23:13 +0000] "GET /login HTTP/1.1" 200 1134 "-" "Mozilla/5.0 (X11; Linux x86_64) AppleWebKit/537.36 (KHTML, like Gecko) Chrome/100.0.4896.88 Safari/537.36"
::1 - - [07/Jun/2022:08:23:18 +0000] "GET / HTTP/1.1" 304 - "-" "Mozilla/5.0 (X11; Linux x86_64) AppleWebKit/537.36 (KHTML, like Gecko) Chrome/100.0.4896.88 Safari/537.36"
::1 - - [07/Jun/2022:08:23:55 +0000] "GET /login HTTP/1.1" 304 - "-" "Mozilla/5.0 (X11; Linux x86_64) AppleWebKit/537.36 (KHTML, like Gecko) Chrome/100.0.4896.88 Safari/537.36"
::1 - - [07/Jun/2022:08:24:03 +0000] "POST /login HTTP/1.1" 200 301 "http://localhost:8080/login" "Mozilla/5.0 (X11; Linux x86_64) AppleWebKit/537.36 (KHTML, like Gecko) Chrome/100.0.4896.88 Safari/537.36"
::1 - - [07/Jun/2022:08:31:22 +0000] "GET /login HTTP/1.1" 200 1134 "-" "Mozilla/5.0 (X11; Linux x86_64) AppleWebKit/537.36 (KHTML, like Gecko) Chrome/100.0.4896.88 Safari/537.36"
::1 - - [07/Jun/2022:08:31:24 +0000] "GET / HTTP/1.1" 200 432 "-" "Mozilla/5.0 (X11; Linux x86_64) AppleWebKit/537.36 (KHTML, like Gecko) Chrome/100.0.4896.88 Safari/537.36"
::1 - - [07/Jun/2022:09:22:49 +0000] "GET / HTTP/1.1" 200 488 "-" "Mozilla/5.0 (X11; Linux x86_64) AppleWebKit/537.36 (KHTML, like Gecko) Chrome/100.0.4896.88 Safari/537.36"
::1 - - [07/Jun/2022:09:22:51 +0000] "GET / HTTP/1.1" 304 - "-" "Mozilla/5.0 (X11; Linux x86_64) AppleWebKit/537.36 (KHTML, like Gecko) Chrome/100.0.4896.88 Safari/537.36"
::1 - - [07/Jun/2022:09:22:51 +0000] "GET / HTTP/1.1" 304 - "-" "Mozilla/5.0 (X11; Linux x86_64) AppleWebKit/537.36 (KHTML, like Gecko) Chrome/100.0.4896.88 Safari/537.36"
::1 - - [07/Jun/2022:09:23:46 +0000] "GET /login? HTTP/1.1" 200 1134 "http://localhost:8080/" "Mozilla/5.0 (X11; Linux x86_64) AppleWebKit/537.36 (KHTML, like Gecko) Chrome/100.0.4896.88 Safari/537.36"
::1 - - [07/Jun/2022:09:23:50 +0000] "GET /login? HTTP/1.1" 304 - "http://localhost:8080/" "Mozilla/5.0 (X11; Linux x86_64) AppleWebKit/537.36 (KHTML, like Gecko) Chrome/100.0.4896.88 Safari/537.36"
::1 - - [07/Jun/2022:09:26:35 +0000] "POST /login HTTP/1.1" 400 21 "http://localhost:8080/login" "Mozilla/5.0 (X11; Linux x86_64) AppleWebKit/537.36 (KHTML, like Gecko) Chrome/100.0.4896.88 Safari/537.36"
::1 - - [07/Jun/2022:09:26:52 +0000] "GET / HTTP/1.1" 200 664 "-" "Mozilla/5.0 (X11; Linux x86_64) AppleWebKit/537.36 (KHTML, like Gecko) Chrome/100.0.4896.88 Safari/537.36"
::1 - - [07/Jun/2022:09:27:15 +0000] "GET / HTTP/1.1" 200 664 "-" "Mozilla/5.0 (X11; Linux x86_64) AppleWebKit/537.36 (KHTML, like Gecko) Chrome/100.0.4896.88 Safari/537.36"
::1 - - [07/Jun/2022:09:27:42 +0000] "GET / HTTP/1.1" 200 684 "-" "Mozilla/5.0 (X11; Linux x86_64) AppleWebKit/537.36 (KHTML, like Gecko) Chrome/100.0.4896.88 Safari/537.36"
::1 - - [07/Jun/2022:09:35:18 +0000] "GET / HTTP/1.1" 200 870 "-" "Mozilla/5.0 (X11; Linux x86_64) AppleWebKit/537.36 (KHTML, like Gecko) Chrome/100.0.4896.88 Safari/537.36"
::1 - - [07/Jun/2022:09:35:18 +0000] "GET /images/Abg.jpg HTTP/1.1" 404 153 "http://localhost:8080/" "Mozilla/5.0 (X11; Linux x86_64) AppleWebKit/537.36 (KHTML, like Gecko) Chrome/100.0.4896.88 Safari/537.36"
::1 - - [07/Jun/2022:09:35:20 +0000] "GET / HTTP/1.1" 304 - "-" "Mozilla/5.0 (X11; Linux x86_64) AppleWebKit/537.36 (KHTML, like Gecko) Chrome/100.0.4896.88 Safari/537.36"
::1 - - [07/Jun/2022:09:35:20 +0000] "GET /images/Abg.jpg HTTP/1.1" 404 153 "http://localhost:8080/" "Mozilla/5.0 (X11; Linux x86_64) AppleWebKit/537.36 (KHTML, like Gecko) Chrome/100.0.4896.88 Safari/537.36"
::1 - - [07/Jun/2022:09:35:21 +0000] "GET / HTTP/1.1" 304 - "-" "Mozilla/5.0 (X11; Linux x86_64) AppleWebKit/537.36 (KHTML, like Gecko) Chrome/100.0.4896.88 Safari/537.36"
::1 - - [07/Jun/2022:09:35:21 +0000] "GET /images/Abg.jpg HTTP/1.1" 404 153 "http://localhost:8080/" "Mozilla/5.0 (X11; Linux x86_64) AppleWebKit/537.36 (KHTML, like Gecko) Chrome/100.0.4896.88 Safari/537.36"
::1 - - [07/Jun/2022:09:35:21 +0000] "GET / HTTP/1.1" 304 - "-" "Mozilla/5.0 (X11; Linux x86_64) AppleWebKit/537.36 (KHTML, like Gecko) Chrome/100.0.4896.88 Safari/537.36"
::1 - - [07/Jun/2022:09:35:21 +0000] "GET /images/Abg.jpg HTTP/1.1" 404 153 "http://localhost:8080/" "Mozilla/5.0 (X11; Linux x86_64) AppleWebKit/537.36 (KHTML, like Gecko) Chrome/100.0.4896.88 Safari/537.36"
::1 - - [07/Jun/2022:09:35:22 +0000] "GET / HTTP/1.1" 304 - "-" "Mozilla/5.0 (X11; Linux x86_64) AppleWebKit/537.36 (KHTML, like Gecko) Chrome/100.0.4896.88 Safari/537.36"
::1 - - [07/Jun/2022:09:35:22 +0000] "GET /images/Abg.jpg HTTP/1.1" 404 153 "http://localhost:8080/" "Mozilla/5.0 (X11; Linux x86_64) AppleWebKit/537.36 (KHTML, like Gecko) Chrome/100.0.4896.88 Safari/537.36"
::1 - - [07/Jun/2022:09:36:59 +0000] "GET / HTTP/1.1" 304 - "-" "Mozilla/5.0 (X11; Linux x86_64) AppleWebKit/537.36 (KHTML, like Gecko) Chrome/100.0.4896.88 Safari/537.36"
::1 - - [07/Jun/2022:09:36:59 +0000] "GET /images/Abg.jpg HTTP/1.1" 404 153 "http://localhost:8080/" "Mozilla/5.0 (X11; Linux x86_64) AppleWebKit/537.36 (KHTML, like Gecko) Chrome/100.0.4896.88 Safari/537.36"
::1 - - [07/Jun/2022:09:37:00 +0000] "GET / HTTP/1.1" 304 - "-" "Mozilla/5.0 (X11; Linux x86_64) AppleWebKit/537.36 (KHTML, like Gecko) Chrome/100.0.4896.88 Safari/537.36"
::1 - - [07/Jun/2022:09:37:00 +0000] "GET /images/Abg.jpg HTTP/1.1" 404 153 "http://localhost:8080/" "Mozilla/5.0 (X11; Linux x86_64) AppleWebKit/537.36 (KHTML, like Gecko) Chrome/100.0.4896.88 Safari/537.36"
::1 - - [07/Jun/2022:09:40:47 +0000] "GET / HTTP/1.1" 200 868 "-" "Mozilla/5.0 (iPhone; CPU iPhone OS 13_2_3 like Mac OS X) AppleWebKit/605.1.15 (KHTML, like Gecko) Version/13.0.3 Mobile/15E148 Safari/604.1"
::1 - - [07/Jun/2022:09:40:48 +0000] "GET /images/Abg.jpg HTTP/1.1" 404 153 "http://localhost:8080/" "Mozilla/5.0 (iPhone; CPU iPhone OS 13_2_3 like Mac OS X) AppleWebKit/605.1.15 (KHTML, like Gecko) Version/13.0.3 Mobile/15E148 Safari/604.1"
::1 - - [07/Jun/2022:09:40:50 +0000] "GET /login? HTTP/1.1" 304 - "http://localhost:8080/" "Mozilla/5.0 (iPhone; CPU iPhone OS 13_2_3 like Mac OS X) AppleWebKit/605.1.15 (KHTML, like Gecko) Version/13.0.3 Mobile/15E148 Safari/604.1"
::1 - - [07/Jun/2022:09:44:42 +0000] "GET / HTTP/1.1" 200 871 "-" "Mozilla/5.0 (iPhone; CPU iPhone OS 13_2_3 like Mac OS X) AppleWebKit/605.1.15 (KHTML, like Gecko) Version/13.0.3 Mobile/15E148 Safari/604.1"
::1 - - [07/Jun/2022:09:44:42 +0000] "GET /images/Abg.jpg HTTP/1.1" 404 153 "http://localhost:8080/" "Mozilla/5.0 (iPhone; CPU iPhone OS 13_2_3 like Mac OS X) AppleWebKit/605.1.15 (KHTML, like Gecko) Version/13.0.3 Mobile/15E148 Safari/604.1"
::1 - - [07/Jun/2022:09:45:47 +0000] "GET / HTTP/1.1" 200 909 "-" "Mozilla/5.0 (iPhone; CPU iPhone OS 13_2_3 like Mac OS X) AppleWebKit/605.1.15 (KHTML, like Gecko) Version/13.0.3 Mobile/15E148 Safari/604.1"
::1 - - [07/Jun/2022:09:47:24 +0000] "GET / HTTP/1.1" 200 903 "-" "Mozilla/5.0 (X11; Linux x86_64) AppleWebKit/537.36 (KHTML, like Gecko) Chrome/100.0.4896.88 Safari/537.36"
::1 - - [07/Jun/2022:09:47:25 +0000] "GET /images/Abg.jpg HTTP/1.1" 404 153 "http://localhost:8080/" "Mozilla/5.0 (X11; Linux x86_64) AppleWebKit/537.36 (KHTML, like Gecko) Chrome/100.0.4896.88 Safari/537.36"
::1 - - [07/Jun/2022:09:54:24 +0000] "GET / HTTP/1.1" 200 859 "-" "Mozilla/5.0 (iPhone; CPU iPhone OS 13_2_3 like Mac OS X) AppleWebKit/605.1.15 (KHTML, like Gecko) Version/13.0.3 Mobile/15E148 Safari/604.1"
::1 - - [07/Jun/2022:09:54:24 +0000] "GET /images/Abg.jpg HTTP/1.1" 200 167528 "http://localhost:8080/" "Mozilla/5.0 (iPhone; CPU iPhone OS 13_2_3 like Mac OS X) AppleWebKit/605.1.15 (KHTML, like Gecko) Version/13.0.3 Mobile/15E148 Safari/604.1"
::1 - - [07/Jun/2022:09:55:27 +0000] "GET / HTTP/1.1" 200 956 "-" "Mozilla/5.0 (X11; Linux x86_64) AppleWebKit/537.36 (KHTML, like Gecko) Chrome/100.0.4896.88 Safari/537.36"
::1 - - [07/Jun/2022:09:55:27 +0000] "GET /images/Abg.jpg HTTP/1.1" 304 - "http://localhost:8080/" "Mozilla/5.0 (X11; Linux x86_64) AppleWebKit/537.36 (KHTML, like Gecko) Chrome/100.0.4896.88 Safari/537.36"
::1 - - [07/Jun/2022:09:55:51 +0000] "GET / HTTP/1.1" 200 972 "-" "Mozilla/5.0 (X11; Linux x86_64) AppleWebKit/537.36 (KHTML, like Gecko) Chrome/100.0.4896.88 Safari/537.36"
::1 - - [07/Jun/2022:09:55:51 +0000] "GET /images/Abg.jpg HTTP/1.1" 304 - "http://localhost:8080/" "Mozilla/5.0 (X11; Linux x86_64) AppleWebKit/537.36 (KHTML, like Gecko) Chrome/100.0.4896.88 Safari/537.36"
::1 - - [07/Jun/2022:09:57:07 +0000] "GET / HTTP/1.1" 200 983 "-" "Mozilla/5.0 (X11; Linux x86_64) AppleWebKit/537.36 (KHTML, like Gecko) Chrome/100.0.4896.88 Safari/537.36"
::1 - - [07/Jun/2022:09:57:07 +0000] "GET /images/Abg.jpg HTTP/1.1" 304 - "http://localhost:8080/" "Mozilla/5.0 (X11; Linux x86_64) AppleWebKit/537.36 (KHTML, like Gecko) Chrome/100.0.4896.88 Safari/537.36"
::1 - - [07/Jun/2022:09:58:13 +0000] "GET / HTTP/1.1" 200 985 "-" "Mozilla/5.0 (iPhone; CPU iPhone OS 13_2_3 like Mac OS X) AppleWebKit/605.1.15 (KHTML, like Gecko) Version/13.0.3 Mobile/15E148 Safari/604.1"
::1 - - [07/Jun/2022:09:58:14 +0000] "GET /images/Abg.jpg HTTP/1.1" 304 - "http://localhost:8080/" "Mozilla/5.0 (iPhone; CPU iPhone OS 13_2_3 like Mac OS X) AppleWebKit/605.1.15 (KHTML, like Gecko) Version/13.0.3 Mobile/15E148 Safari/604.1"
::1 - - [07/Jun/2022:09:59:17 +0000] "GET / HTTP/1.1" 200 983 "-" "Mozilla/5.0 (iPhone; CPU iPhone OS 13_2_3 like Mac OS X) AppleWebKit/605.1.15 (KHTML, like Gecko) Version/13.0.3 Mobile/15E148 Safari/604.1"
::1 - - [07/Jun/2022:09:59:17 +0000] "GET /images/Abg.jpg HTTP/1.1" 304 - "http://localhost:8080/" "Mozilla/5.0 (iPhone; CPU iPhone OS 13_2_3 like Mac OS X) AppleWebKit/605.1.15 (KHTML, like Gecko) Version/13.0.3 Mobile/15E148 Safari/604.1"
::1 - - [07/Jun/2022:10:00:11 +0000] "GET / HTTP/1.1" 200 991 "-" "Mozilla/5.0 (iPhone; CPU iPhone OS 13_2_3 like Mac OS X) AppleWebKit/605.1.15 (KHTML, like Gecko) Version/13.0.3 Mobile/15E148 Safari/604.1"
::1 - - [07/Jun/2022:10:00:12 +0000] "GET /images/Abg.jpg HTTP/1.1" 304 - "http://localhost:8080/" "Mozilla/5.0 (iPhone; CPU iPhone OS 13_2_3 like Mac OS X) AppleWebKit/605.1.15 (KHTML, like Gecko) Version/13.0.3 Mobile/15E148 Safari/604.1"
::1 - - [07/Jun/2022:10:02:13 +0000] "GET / HTTP/1.1" 200 1051 "-" "Mozilla/5.0 (iPhone; CPU iPhone OS 13_2_3 like Mac OS X) AppleWebKit/605.1.15 (KHTML, like Gecko) Version/13.0.3 Mobile/15E148 Safari/604.1"
::1 - - [07/Jun/2022:10:02:13 +0000] "GET /images/Abg.jpg HTTP/1.1" 304 - "http://localhost:8080/" "Mozilla/5.0 (iPhone; CPU iPhone OS 13_2_3 like Mac OS X) AppleWebKit/605.1.15 (KHTML, like Gecko) Version/13.0.3 Mobile/15E148 Safari/604.1"
::1 - - [07/Jun/2022:10:03:44 +0000] "GET /login? HTTP/1.1" 304 - "http://localhost:8080/" "Mozilla/5.0 (X11; Linux x86_64) AppleWebKit/537.36 (KHTML, like Gecko) Chrome/100.0.4896.88 Safari/537.36"
::1 - - [07/Jun/2022:10:04:50 +0000] "GET /login? HTTP/1.1" 200 1173 "http://localhost:8080/" "Mozilla/5.0 (X11; Linux x86_64) AppleWebKit/537.36 (KHTML, like Gecko) Chrome/100.0.4896.88 Safari/537.36"
::1 - - [07/Jun/2022:10:05:23 +0000] "GET /login? HTTP/1.1" 200 1163 "http://localhost:8080/" "Mozilla/5.0 (X11; Linux x86_64) AppleWebKit/537.36 (KHTML, like Gecko) Chrome/100.0.4896.88 Safari/537.36"
::1 - - [07/Jun/2022:10:05:25 +0000] "GET /login? HTTP/1.1" 304 - "http://localhost:8080/" "Mozilla/5.0 (X11; Linux x86_64) AppleWebKit/537.36 (KHTML, like Gecko) Chrome/100.0.4896.88 Safari/537.36"
::1 - - [07/Jun/2022:10:05:26 +0000] "GET /login? HTTP/1.1" 304 - "http://localhost:8080/" "Mozilla/5.0 (X11; Linux x86_64) AppleWebKit/537.36 (KHTML, like Gecko) Chrome/100.0.4896.88 Safari/537.36"
::1 - - [07/Jun/2022:10:05:26 +0000] "GET /login? HTTP/1.1" 304 - "http://localhost:8080/" "Mozilla/5.0 (X11; Linux x86_64) AppleWebKit/537.36 (KHTML, like Gecko) Chrome/100.0.4896.88 Safari/537.36"
::1 - - [07/Jun/2022:10:09:22 +0000] "GET /login? HTTP/1.1" 200 1274 "http://localhost:8080/" "Mozilla/5.0 (X11; Linux x86_64) AppleWebKit/537.36 (KHTML, like Gecko) Chrome/100.0.4896.88 Safari/537.36"
::1 - - [07/Jun/2022:10:09:40 +0000] "GET /login? HTTP/1.1" 200 1287 "http://localhost:8080/" "Mozilla/5.0 (X11; Linux x86_64) AppleWebKit/537.36 (KHTML, like Gecko) Chrome/100.0.4896.88 Safari/537.36"
::1 - - [07/Jun/2022:10:11:44 +0000] "GET /login? HTTP/1.1" 200 1363 "http://localhost:8080/" "Mozilla/5.0 (X11; Linux x86_64) AppleWebKit/537.36 (KHTML, like Gecko) Chrome/100.0.4896.88 Safari/537.36"
::1 - - [07/Jun/2022:10:11:59 +0000] "GET /login? HTTP/1.1" 200 1328 "http://localhost:8080/" "Mozilla/5.0 (X11; Linux x86_64) AppleWebKit/537.36 (KHTML, like Gecko) Chrome/100.0.4896.88 Safari/537.36"
::1 - - [07/Jun/2022:10:12:17 +0000] "GET /login? HTTP/1.1" 200 1321 "http://localhost:8080/" "Mozilla/5.0 (X11; Linux x86_64) AppleWebKit/537.36 (KHTML, like Gecko) Chrome/100.0.4896.88 Safari/537.36"
::1 - - [07/Jun/2022:10:12:26 +0000] "GET /login? HTTP/1.1" 200 1300 "http://localhost:8080/" "Mozilla/5.0 (X11; Linux x86_64) AppleWebKit/537.36 (KHTML, like Gecko) Chrome/100.0.4896.88 Safari/537.36"
::1 - - [07/Jun/2022:10:18:41 +0000] "GET / HTTP/1.1" 200 1067 "-" "Mozilla/5.0 (X11; Linux x86_64) AppleWebKit/537.36 (KHTML, like Gecko) Chrome/100.0.4896.88 Safari/537.36"
::1 - - [07/Jun/2022:10:18:42 +0000] "GET /images/Abg.jpg HTTP/1.1" 304 - "http://localhost:8080/" "Mozilla/5.0 (X11; Linux x86_64) AppleWebKit/537.36 (KHTML, like Gecko) Chrome/100.0.4896.88 Safari/537.36"
::1 - - [07/Jun/2022:10:18:47 +0000] "GET /login? HTTP/1.1" 200 1354 "http://localhost:8080/" "Mozilla/5.0 (X11; Linux x86_64) AppleWebKit/537.36 (KHTML, like Gecko) Chrome/100.0.4896.88 Safari/537.36"
::1 - - [07/Jun/2022:10:22:52 +0000] "GET /login? HTTP/1.1" 200 1340 "http://localhost:8080/" "Mozilla/5.0 (Linux; Android 10; SM-G981B) AppleWebKit/537.36 (KHTML, like Gecko) Chrome/80.0.3987.162 Mobile Safari/537.36"
::1 - - [07/Jun/2022:10:22:57 +0000] "GET /login? HTTP/1.1" 304 - "http://localhost:8080/" "Mozilla/5.0 (X11; Linux x86_64) AppleWebKit/537.36 (KHTML, like Gecko) Chrome/100.0.4896.88 Safari/537.36"
::1 - - [07/Jun/2022:10:23:34 +0000] "GET /login? HTTP/1.1" 200 1374 "http://localhost:8080/" "Mozilla/5.0 (Linux; Android 10; SM-G981B) AppleWebKit/537.36 (KHTML, like Gecko) Chrome/80.0.3987.162 Mobile Safari/537.36"
::1 - - [07/Jun/2022:10:28:56 +0000] "GET /login? HTTP/1.1" 200 1419 "http://localhost:8080/" "Mozilla/5.0 (Linux; Android 8.0; Pixel 2 Build/OPD3.170816.012) AppleWebKit/537.36 (KHTML, like Gecko) Chrome/100.0.4896.88 Mobile Safari/537.36"
::1 - - [07/Jun/2022:10:34:56 +0000] "GET /login? HTTP/1.1" 200 1427 "http://localhost:8080/" "Mozilla/5.0 (iPhone; CPU iPhone OS 13_2_3 like Mac OS X) AppleWebKit/605.1.15 (KHTML, like Gecko) Version/13.0.3 Mobile/15E148 Safari/604.1"
::1 - - [07/Jun/2022:10:39:22 +0000] "GET /login? HTTP/1.1" 200 1512 "http://localhost:8080/" "Mozilla/5.0 (iPhone; CPU iPhone OS 13_2_3 like Mac OS X) AppleWebKit/605.1.15 (KHTML, like Gecko) Version/13.0.3 Mobile/15E148 Safari/604.1"
::1 - - [07/Jun/2022:10:39:35 +0000] "GET /login? HTTP/1.1" 304 - "http://localhost:8080/" "Mozilla/5.0 (iPhone; CPU iPhone OS 13_2_3 like Mac OS X) AppleWebKit/605.1.15 (KHTML, like Gecko) Version/13.0.3 Mobile/15E148 Safari/604.1"
::1 - - [07/Jun/2022:10:39:38 +0000] "POST /login HTTP/1.1" 400 21 "http://localhost:8080/login?" "Mozilla/5.0 (iPhone; CPU iPhone OS 13_2_3 like Mac OS X) AppleWebKit/605.1.15 (KHTML, like Gecko) Version/13.0.3 Mobile/15E148 Safari/604.1"
::1 - - [07/Jun/2022:10:40:33 +0000] "GET /login? HTTP/1.1" 304 - "http://localhost:8080/" "Mozilla/5.0 (iPhone; CPU iPhone OS 13_2_3 like Mac OS X) AppleWebKit/605.1.15 (KHTML, like Gecko) Version/13.0.3 Mobile/15E148 Safari/604.1"
::1 - - [07/Jun/2022:10:40:35 +0000] "POST /login HTTP/1.1" 400 21 "http://localhost:8080/login?" "Mozilla/5.0 (iPhone; CPU iPhone OS 13_2_3 like Mac OS X) AppleWebKit/605.1.15 (KHTML, like Gecko) Version/13.0.3 Mobile/15E148 Safari/604.1"
::1 - - [07/Jun/2022:10:44:20 +0000] "GET /login? HTTP/1.1" 304 - "http://localhost:8080/" "Mozilla/5.0 (iPhone; CPU iPhone OS 13_2_3 like Mac OS X) AppleWebKit/605.1.15 (KHTML, like Gecko) Version/13.0.3 Mobile/15E148 Safari/604.1"
::1 - - [07/Jun/2022:10:46:57 +0000] "POST /login HTTP/1.1" 400 21 "http://localhost:8080/login?" "Mozilla/5.0 (iPhone; CPU iPhone OS 13_2_3 like Mac OS X) AppleWebKit/605.1.15 (KHTML, like Gecko) Version/13.0.3 Mobile/15E148 Safari/604.1"
::1 - - [07/Jun/2022:10:57:10 +0000] "GET /login? HTTP/1.1" 304 - "http://localhost:8080/" "Mozilla/5.0 (iPhone; CPU iPhone OS 13_2_3 like Mac OS X) AppleWebKit/605.1.15 (KHTML, like Gecko) Version/13.0.3 Mobile/15E148 Safari/604.1"
::1 - - [07/Jun/2022:10:57:14 +0000] "GET / HTTP/1.1" 500 1681 "-" "Mozilla/5.0 (iPhone; CPU iPhone OS 13_2_3 like Mac OS X) AppleWebKit/605.1.15 (KHTML, like Gecko) Version/13.0.3 Mobile/15E148 Safari/604.1"
::1 - - [07/Jun/2022:10:57:59 +0000] "GET / HTTP/1.1" 200 2506 "-" "Mozilla/5.0 (X11; Linux x86_64) AppleWebKit/537.36 (KHTML, like Gecko) Chrome/100.0.4896.88 Safari/537.36"
::1 - - [07/Jun/2022:10:57:59 +0000] "GET /images/Abg.jpg HTTP/1.1" 304 - "http://localhost:8080/" "Mozilla/5.0 (X11; Linux x86_64) AppleWebKit/537.36 (KHTML, like Gecko) Chrome/100.0.4896.88 Safari/537.36"
::1 - - [07/Jun/2022:11:00:31 +0000] "GET / HTTP/1.1" 200 2256 "-" "Mozilla/5.0 (X11; Linux x86_64) AppleWebKit/537.36 (KHTML, like Gecko) Chrome/100.0.4896.88 Safari/537.36"
::1 - - [07/Jun/2022:11:00:31 +0000] "GET /images/Abg.jpg HTTP/1.1" 304 - "http://localhost:8080/" "Mozilla/5.0 (X11; Linux x86_64) AppleWebKit/537.36 (KHTML, like Gecko) Chrome/100.0.4896.88 Safari/537.36"
::1 - - [07/Jun/2022:11:01:46 +0000] "GET / HTTP/1.1" 304 - "-" "Mozilla/5.0 (X11; Linux x86_64) AppleWebKit/537.36 (KHTML, like Gecko) Chrome/100.0.4896.88 Safari/537.36"
::1 - - [07/Jun/2022:11:01:47 +0000] "GET /images/Abg.jpg HTTP/1.1" 304 - "http://localhost:8080/" "Mozilla/5.0 (X11; Linux x86_64) AppleWebKit/537.36 (KHTML, like Gecko) Chrome/100.0.4896.88 Safari/537.36"
::1 - - [07/Jun/2022:11:02:19 +0000] "GET / HTTP/1.1" 200 1998 "-" "Mozilla/5.0 (X11; Linux x86_64) AppleWebKit/537.36 (KHTML, like Gecko) Chrome/100.0.4896.88 Safari/537.36"
::1 - - [07/Jun/2022:11:02:19 +0000] "GET /images/Abg.jpg HTTP/1.1" 304 - "http://localhost:8080/" "Mozilla/5.0 (X11; Linux x86_64) AppleWebKit/537.36 (KHTML, like Gecko) Chrome/100.0.4896.88 Safari/537.36"
::1 - - [07/Jun/2022:11:03:44 +0000] "GET / HTTP/1.1" 200 2008 "-" "Mozilla/5.0 (X11; Linux x86_64) AppleWebKit/537.36 (KHTML, like Gecko) Chrome/100.0.4896.88 Safari/537.36"
::1 - - [07/Jun/2022:11:03:44 +0000] "GET /images/Abg.jpg HTTP/1.1" 304 - "http://localhost:8080/" "Mozilla/5.0 (X11; Linux x86_64) AppleWebKit/537.36 (KHTML, like Gecko) Chrome/100.0.4896.88 Safari/537.36"
::1 - - [07/Jun/2022:11:04:36 +0000] "GET / HTTP/1.1" 200 2006 "-" "Mozilla/5.0 (X11; Linux x86_64) AppleWebKit/537.36 (KHTML, like Gecko) Chrome/100.0.4896.88 Safari/537.36"
::1 - - [07/Jun/2022:11:04:37 +0000] "GET /images/Abg.jpg HTTP/1.1" 304 - "http://localhost:8080/" "Mozilla/5.0 (X11; Linux x86_64) AppleWebKit/537.36 (KHTML, like Gecko) Chrome/100.0.4896.88 Safari/537.36"
::1 - - [07/Jun/2022:11:11:35 +0000] "GET / HTTP/1.1" 200 2022 "-" "Mozilla/5.0 (X11; Linux x86_64) AppleWebKit/537.36 (KHTML, like Gecko) Chrome/100.0.4896.88 Safari/537.36"
::1 - - [07/Jun/2022:11:11:35 +0000] "GET /images/Abg.jpg HTTP/1.1" 304 - "http://localhost:8080/" "Mozilla/5.0 (X11; Linux x86_64) AppleWebKit/537.36 (KHTML, like Gecko) Chrome/100.0.4896.88 Safari/537.36"
::1 - - [07/Jun/2022:11:11:37 +0000] "GET /login HTTP/1.1" 200 1512 "http://localhost:8080/" "Mozilla/5.0 (X11; Linux x86_64) AppleWebKit/537.36 (KHTML, like Gecko) Chrome/100.0.4896.88 Safari/537.36"
::1 - - [07/Jun/2022:11:11:41 +0000] "GET /register HTTP/1.1" 404 147 "http://localhost:8080/" "Mozilla/5.0 (X11; Linux x86_64) AppleWebKit/537.36 (KHTML, like Gecko) Chrome/100.0.4896.88 Safari/537.36"
::1 - - [07/Jun/2022:11:19:56 +0000] "GET / HTTP/1.1" 304 - "-" "Mozilla/5.0 (X11; Linux x86_64) AppleWebKit/537.36 (KHTML, like Gecko) Chrome/100.0.4896.88 Safari/537.36"
::1 - - [07/Jun/2022:11:19:56 +0000] "GET /images/Abg.jpg HTTP/1.1" 304 - "http://localhost:8080/" "Mozilla/5.0 (X11; Linux x86_64) AppleWebKit/537.36 (KHTML, like Gecko) Chrome/100.0.4896.88 Safari/537.36"
::1 - - [07/Jun/2022:11:19:58 +0000] "GET /register HTTP/1.1" 200 2032 "http://localhost:8080/" "Mozilla/5.0 (X11; Linux x86_64) AppleWebKit/537.36 (KHTML, like Gecko) Chrome/100.0.4896.88 Safari/537.36"
::1 - - [07/Jun/2022:11:20:58 +0000] "GET /register HTTP/1.1" 200 2043 "http://localhost:8080/" "Mozilla/5.0 (X11; Linux x86_64) AppleWebKit/537.36 (KHTML, like Gecko) Chrome/100.0.4896.88 Safari/537.36"
::1 - - [07/Jun/2022:11:21:32 +0000] "GET /login HTTP/1.1" 304 - "http://localhost:8080/" "Mozilla/5.0 (X11; Linux x86_64) AppleWebKit/537.36 (KHTML, like Gecko) Chrome/100.0.4896.88 Safari/537.36"
::1 - - [07/Jun/2022:11:25:17 +0000] "POST /login HTTP/1.1" 200 591 "http://localhost:8080/login" "Mozilla/5.0 (X11; Linux x86_64) AppleWebKit/537.36 (KHTML, like Gecko) Chrome/100.0.4896.88 Safari/537.36"
::1 - - [07/Jun/2022:11:31:13 +0000] "GET /fetchposts?user_id=6298a5045059aaf11b1 HTTP/1.1" 401 38 "-" "PostmanRuntime/7.29.0"
::1 - - [07/Jun/2022:11:31:22 +0000] "POST /login HTTP/1.1" 200 663 "-" "PostmanRuntime/7.29.0"
::1 - - [07/Jun/2022:11:34:48 +0000] "POST /login HTTP/1.1" 200 663 "-" "PostmanRuntime/7.29.0"
::1 - - [07/Jun/2022:11:36:15 +0000] "POST /login HTTP/1.1" 200 663 "-" "PostmanRuntime/7.29.0"
::1 - - [07/Jun/2022:11:45:27 +0000] "GET /login HTTP/1.1" 200 1512 "http://localhost:8080/" "Mozilla/5.0 (X11; Linux x86_64) AppleWebKit/537.36 (KHTML, like Gecko) Chrome/100.0.4896.88 Safari/537.36"
::1 - - [07/Jun/2022:11:45:36 +0000] "POST /login HTTP/1.1" 500 1972 "http://localhost:8080/login" "Mozilla/5.0 (X11; Linux x86_64) AppleWebKit/537.36 (KHTML, like Gecko) Chrome/100.0.4896.88 Safari/537.36"
::1 - - [07/Jun/2022:11:56:24 +0000] "GET /login HTTP/1.1" 304 - "http://localhost:8080/" "Mozilla/5.0 (X11; Linux x86_64) AppleWebKit/537.36 (KHTML, like Gecko) Chrome/100.0.4896.88 Safari/537.36"
::1 - - [07/Jun/2022:11:56:30 +0000] "GET /login HTTP/1.1" 304 - "http://localhost:8080/" "Mozilla/5.0 (X11; Linux x86_64) AppleWebKit/537.36 (KHTML, like Gecko) Chrome/100.0.4896.88 Safari/537.36"
::1 - - [07/Jun/2022:11:56:43 +0000] "POST /login HTTP/1.1" 500 1972 "http://localhost:8080/login" "Mozilla/5.0 (X11; Linux x86_64) AppleWebKit/537.36 (KHTML, like Gecko) Chrome/100.0.4896.88 Safari/537.36"
::1 - - [07/Jun/2022:11:57:09 +0000] "POST /login HTTP/1.1" 500 1980 "http://localhost:8080/login" "Mozilla/5.0 (X11; Linux x86_64) AppleWebKit/537.36 (KHTML, like Gecko) Chrome/100.0.4896.88 Safari/537.36"
::1 - - [07/Jun/2022:11:57:56 +0000] "GET /login HTTP/1.1" 304 - "http://localhost:8080/" "Mozilla/5.0 (X11; Linux x86_64) AppleWebKit/537.36 (KHTML, like Gecko) Chrome/100.0.4896.88 Safari/537.36"
::1 - - [07/Jun/2022:11:57:57 +0000] "GET /login HTTP/1.1" 304 - "http://localhost:8080/" "Mozilla/5.0 (X11; Linux x86_64) AppleWebKit/537.36 (KHTML, like Gecko) Chrome/100.0.4896.88 Safari/537.36"
::1 - - [07/Jun/2022:11:57:57 +0000] "GET /login HTTP/1.1" 304 - "http://localhost:8080/" "Mozilla/5.0 (X11; Linux x86_64) AppleWebKit/537.36 (KHTML, like Gecko) Chrome/100.0.4896.88 Safari/537.36"
::1 - - [07/Jun/2022:11:57:57 +0000] "GET /login HTTP/1.1" 304 - "http://localhost:8080/" "Mozilla/5.0 (X11; Linux x86_64) AppleWebKit/537.36 (KHTML, like Gecko) Chrome/100.0.4896.88 Safari/537.36"
::1 - - [07/Jun/2022:11:57:57 +0000] "GET /login HTTP/1.1" 304 - "http://localhost:8080/" "Mozilla/5.0 (X11; Linux x86_64) AppleWebKit/537.36 (KHTML, like Gecko) Chrome/100.0.4896.88 Safari/537.36"
::1 - - [07/Jun/2022:11:57:57 +0000] "GET /login HTTP/1.1" 304 - "http://localhost:8080/" "Mozilla/5.0 (X11; Linux x86_64) AppleWebKit/537.36 (KHTML, like Gecko) Chrome/100.0.4896.88 Safari/537.36"
::1 - - [07/Jun/2022:11:57:58 +0000] "GET /login HTTP/1.1" 304 - "http://localhost:8080/" "Mozilla/5.0 (X11; Linux x86_64) AppleWebKit/537.36 (KHTML, like Gecko) Chrome/100.0.4896.88 Safari/537.36"
::1 - - [07/Jun/2022:11:58:04 +0000] "POST /login HTTP/1.1" 500 1980 "http://localhost:8080/login" "Mozilla/5.0 (X11; Linux x86_64) AppleWebKit/537.36 (KHTML, like Gecko) Chrome/100.0.4896.88 Safari/537.36"
::1 - - [07/Jun/2022:11:59:06 +0000] "POST /login HTTP/1.1" 200 664 "http://localhost:8080/login" "Mozilla/5.0 (X11; Linux x86_64) AppleWebKit/537.36 (KHTML, like Gecko) Chrome/100.0.4896.88 Safari/537.36"
::1 - - [07/Jun/2022:11:59:09 +0000] "GET /login HTTP/1.1" 200 1512 "http://localhost:8080/" "Mozilla/5.0 (X11; Linux x86_64) AppleWebKit/537.36 (KHTML, like Gecko) Chrome/100.0.4896.88 Safari/537.36"
::1 - - [07/Jun/2022:11:59:16 +0000] "POST /login HTTP/1.1" 200 664 "http://localhost:8080/login" "Mozilla/5.0 (X11; Linux x86_64) AppleWebKit/537.36 (KHTML, like Gecko) Chrome/100.0.4896.88 Safari/537.36"
::1 - - [07/Jun/2022:12:08:46 +0000] "POST /login HTTP/1.1" - - "http://localhost:8080/login" "Mozilla/5.0 (X11; Linux x86_64) AppleWebKit/537.36 (KHTML, like Gecko) Chrome/100.0.4896.88 Safari/537.36"
::1 - - [07/Jun/2022:12:08:46 +0000] "GET /login HTTP/1.1" 200 1512 "http://localhost:8080/" "Mozilla/5.0 (X11; Linux x86_64) AppleWebKit/537.36 (KHTML, like Gecko) Chrome/100.0.4896.88 Safari/537.36"
::1 - - [07/Jun/2022:12:08:56 +0000] "POST /login HTTP/1.1" - - "http://localhost:8080/login" "Mozilla/5.0 (X11; Linux x86_64) AppleWebKit/537.36 (KHTML, like Gecko) Chrome/100.0.4896.88 Safari/537.36"
::1 - - [07/Jun/2022:12:08:57 +0000] "POST /login HTTP/1.1" - - "http://localhost:8080/login" "Mozilla/5.0 (X11; Linux x86_64) AppleWebKit/537.36 (KHTML, like Gecko) Chrome/100.0.4896.88 Safari/537.36"
::1 - - [07/Jun/2022:12:08:57 +0000] "POST /login HTTP/1.1" - - "http://localhost:8080/login" "Mozilla/5.0 (X11; Linux x86_64) AppleWebKit/537.36 (KHTML, like Gecko) Chrome/100.0.4896.88 Safari/537.36"
::1 - - [07/Jun/2022:12:08:57 +0000] "POST /login HTTP/1.1" - - "http://localhost:8080/login" "Mozilla/5.0 (X11; Linux x86_64) AppleWebKit/537.36 (KHTML, like Gecko) Chrome/100.0.4896.88 Safari/537.36"
::1 - - [07/Jun/2022:12:08:57 +0000] "POST /login HTTP/1.1" - - "http://localhost:8080/login" "Mozilla/5.0 (X11; Linux x86_64) AppleWebKit/537.36 (KHTML, like Gecko) Chrome/100.0.4896.88 Safari/537.36"
::1 - - [07/Jun/2022:12:08:57 +0000] "POST /login HTTP/1.1" - - "http://localhost:8080/login" "Mozilla/5.0 (X11; Linux x86_64) AppleWebKit/537.36 (KHTML, like Gecko) Chrome/100.0.4896.88 Safari/537.36"
::1 - - [07/Jun/2022:12:08:59 +0000] "POST /login HTTP/1.1" - - "http://localhost:8080/login" "Mozilla/5.0 (X11; Linux x86_64) AppleWebKit/537.36 (KHTML, like Gecko) Chrome/100.0.4896.88 Safari/537.36"
::1 - - [07/Jun/2022:12:09:01 +0000] "POST /login HTTP/1.1" - - "http://localhost:8080/login" "Mozilla/5.0 (X11; Linux x86_64) AppleWebKit/537.36 (KHTML, like Gecko) Chrome/100.0.4896.88 Safari/537.36"
::1 - - [07/Jun/2022:12:09:03 +0000] "GET /login HTTP/1.1" 304 - "http://localhost:8080/" "Mozilla/5.0 (X11; Linux x86_64) AppleWebKit/537.36 (KHTML, like Gecko) Chrome/100.0.4896.88 Safari/537.36"
::1 - - [07/Jun/2022:12:09:17 +0000] "POST /login HTTP/1.1" - - "http://localhost:8080/login" "Mozilla/5.0 (X11; Linux x86_64) AppleWebKit/537.36 (KHTML, like Gecko) Chrome/100.0.4896.88 Safari/537.36"
::1 - - [07/Jun/2022:12:10:22 +0000] "POST /login HTTP/1.1" - - "http://localhost:8080/login" "Mozilla/5.0 (iPhone; CPU iPhone OS 13_2_3 like Mac OS X) AppleWebKit/605.1.15 (KHTML, like Gecko) Version/13.0.3 Mobile/15E148 Safari/604.1"
::1 - - [07/Jun/2022:12:10:22 +0000] "POST /login HTTP/1.1" - - "http://localhost:8080/login" "Mozilla/5.0 (iPhone; CPU iPhone OS 13_2_3 like Mac OS X) AppleWebKit/605.1.15 (KHTML, like Gecko) Version/13.0.3 Mobile/15E148 Safari/604.1"
::1 - - [07/Jun/2022:12:10:22 +0000] "POST /login HTTP/1.1" - - "http://localhost:8080/login" "Mozilla/5.0 (iPhone; CPU iPhone OS 13_2_3 like Mac OS X) AppleWebKit/605.1.15 (KHTML, like Gecko) Version/13.0.3 Mobile/15E148 Safari/604.1"
::1 - - [07/Jun/2022:12:10:22 +0000] "POST /login HTTP/1.1" - - "http://localhost:8080/login" "Mozilla/5.0 (iPhone; CPU iPhone OS 13_2_3 like Mac OS X) AppleWebKit/605.1.15 (KHTML, like Gecko) Version/13.0.3 Mobile/15E148 Safari/604.1"
::1 - - [07/Jun/2022:12:10:23 +0000] "POST /login HTTP/1.1" - - "http://localhost:8080/login" "Mozilla/5.0 (iPhone; CPU iPhone OS 13_2_3 like Mac OS X) AppleWebKit/605.1.15 (KHTML, like Gecko) Version/13.0.3 Mobile/15E148 Safari/604.1"
::1 - - [07/Jun/2022:12:10:23 +0000] "POST /login HTTP/1.1" - - "http://localhost:8080/login" "Mozilla/5.0 (iPhone; CPU iPhone OS 13_2_3 like Mac OS X) AppleWebKit/605.1.15 (KHTML, like Gecko) Version/13.0.3 Mobile/15E148 Safari/604.1"
::1 - - [07/Jun/2022:12:10:23 +0000] "POST /login HTTP/1.1" - - "http://localhost:8080/login" "Mozilla/5.0 (iPhone; CPU iPhone OS 13_2_3 like Mac OS X) AppleWebKit/605.1.15 (KHTML, like Gecko) Version/13.0.3 Mobile/15E148 Safari/604.1"
::1 - - [07/Jun/2022:12:10:23 +0000] "POST /login HTTP/1.1" - - "http://localhost:8080/login" "Mozilla/5.0 (iPhone; CPU iPhone OS 13_2_3 like Mac OS X) AppleWebKit/605.1.15 (KHTML, like Gecko) Version/13.0.3 Mobile/15E148 Safari/604.1"
::1 - - [07/Jun/2022:12:12:23 +0000] "POST /login HTTP/1.1" - - "http://localhost:8080/login" "Mozilla/5.0 (iPhone; CPU iPhone OS 13_2_3 like Mac OS X) AppleWebKit/605.1.15 (KHTML, like Gecko) Version/13.0.3 Mobile/15E148 Safari/604.1"
::1 - - [07/Jun/2022:12:13:05 +0000] "POST /login HTTP/1.1" 200 694 "http://localhost:8080/login" "Mozilla/5.0 (iPhone; CPU iPhone OS 13_2_3 like Mac OS X) AppleWebKit/605.1.15 (KHTML, like Gecko) Version/13.0.3 Mobile/15E148 Safari/604.1"
::1 - - [07/Jun/2022:12:13:12 +0000] "GET /login HTTP/1.1" 200 1512 "http://localhost:8080/" "Mozilla/5.0 (iPhone; CPU iPhone OS 13_2_3 like Mac OS X) AppleWebKit/605.1.15 (KHTML, like Gecko) Version/13.0.3 Mobile/15E148 Safari/604.1"
::1 - - [07/Jun/2022:12:13:24 +0000] "POST /login HTTP/1.1" 400 19 "http://localhost:8080/login" "Mozilla/5.0 (iPhone; CPU iPhone OS 13_2_3 like Mac OS X) AppleWebKit/605.1.15 (KHTML, like Gecko) Version/13.0.3 Mobile/15E148 Safari/604.1"
::1 - - [07/Jun/2022:12:13:37 +0000] "POST /login HTTP/1.1" 200 694 "http://localhost:8080/login" "Mozilla/5.0 (iPhone; CPU iPhone OS 13_2_3 like Mac OS X) AppleWebKit/605.1.15 (KHTML, like Gecko) Version/13.0.3 Mobile/15E148 Safari/604.1"
::1 - - [07/Jun/2022:12:14:31 +0000] "POST /login HTTP/1.1" 500 1925 "http://localhost:8080/login" "Mozilla/5.0 (iPhone; CPU iPhone OS 13_2_3 like Mac OS X) AppleWebKit/605.1.15 (KHTML, like Gecko) Version/13.0.3 Mobile/15E148 Safari/604.1"
::1 - - [07/Jun/2022:12:15:00 +0000] "POST /login HTTP/1.1" 200 690 "http://localhost:8080/login" "Mozilla/5.0 (iPhone; CPU iPhone OS 13_2_3 like Mac OS X) AppleWebKit/605.1.15 (KHTML, like Gecko) Version/13.0.3 Mobile/15E148 Safari/604.1"
::1 - - [07/Jun/2022:12:15:32 +0000] "POST /login HTTP/1.1" 200 688 "http://localhost:8080/login" "Mozilla/5.0 (iPhone; CPU iPhone OS 13_2_3 like Mac OS X) AppleWebKit/605.1.15 (KHTML, like Gecko) Version/13.0.3 Mobile/15E148 Safari/604.1"
::1 - - [07/Jun/2022:12:15:34 +0000] "GET /login HTTP/1.1" 200 1512 "http://localhost:8080/" "Mozilla/5.0 (iPhone; CPU iPhone OS 13_2_3 like Mac OS X) AppleWebKit/605.1.15 (KHTML, like Gecko) Version/13.0.3 Mobile/15E148 Safari/604.1"
::1 - - [07/Jun/2022:12:15:42 +0000] "POST /login HTTP/1.1" 200 688 "http://localhost:8080/login" "Mozilla/5.0 (iPhone; CPU iPhone OS 13_2_3 like Mac OS X) AppleWebKit/605.1.15 (KHTML, like Gecko) Version/13.0.3 Mobile/15E148 Safari/604.1"
::1 - - [07/Jun/2022:12:16:42 +0000] "POST /login HTTP/1.1" 200 688 "http://localhost:8080/login" "Mozilla/5.0 (iPhone; CPU iPhone OS 13_2_3 like Mac OS X) AppleWebKit/605.1.15 (KHTML, like Gecko) Version/13.0.3 Mobile/15E148 Safari/604.1"
::1 - - [07/Jun/2022:12:16:44 +0000] "GET /login HTTP/1.1" 200 1512 "http://localhost:8080/" "Mozilla/5.0 (iPhone; CPU iPhone OS 13_2_3 like Mac OS X) AppleWebKit/605.1.15 (KHTML, like Gecko) Version/13.0.3 Mobile/15E148 Safari/604.1"
::1 - - [07/Jun/2022:12:16:51 +0000] "POST /login HTTP/1.1" 200 688 "http://localhost:8080/login" "Mozilla/5.0 (iPhone; CPU iPhone OS 13_2_3 like Mac OS X) AppleWebKit/605.1.15 (KHTML, like Gecko) Version/13.0.3 Mobile/15E148 Safari/604.1"
::1 - - [07/Jun/2022:12:18:09 +0000] "POST /login HTTP/1.1" 200 688 "http://localhost:8080/login" "Mozilla/5.0 (iPhone; CPU iPhone OS 13_2_3 like Mac OS X) AppleWebKit/605.1.15 (KHTML, like Gecko) Version/13.0.3 Mobile/15E148 Safari/604.1"
::1 - - [07/Jun/2022:12:18:19 +0000] "GET /login HTTP/1.1" 200 1512 "http://localhost:8080/" "Mozilla/5.0 (X11; Linux x86_64) AppleWebKit/537.36 (KHTML, like Gecko) Chrome/100.0.4896.88 Safari/537.36"
::1 - - [07/Jun/2022:12:18:52 +0000] "GET /login HTTP/1.1" 304 - "http://localhost:8080/" "Mozilla/5.0 (X11; Linux x86_64) AppleWebKit/537.36 (KHTML, like Gecko) Chrome/100.0.4896.88 Safari/537.36"
::1 - - [07/Jun/2022:12:18:55 +0000] "GET /register HTTP/1.1" 304 - "http://localhost:8080/" "Mozilla/5.0 (X11; Linux x86_64) AppleWebKit/537.36 (KHTML, like Gecko) Chrome/100.0.4896.88 Safari/537.36"
::1 - - [07/Jun/2022:12:19:15 +0000] "POST /register HTTP/1.1" 401 105 "http://localhost:8080/register" "Mozilla/5.0 (X11; Linux x86_64) AppleWebKit/537.36 (KHTML, like Gecko) Chrome/100.0.4896.88 Safari/537.36"
